<?xml version="1.0" encoding="UTF-8" ?>
<testsuite tests="10" failures="0" name="org.company.vehicle.HondaTest" time="0.016" errors="0" skipped="0">
  <properties>
[...]
</properties>
  <testcase classname="org.company.vehicle.HondaTest" name="testAccelerate" time="0"/>
  <testcase classname="org.company.vehicle.HondaTest" name="testDecelerate" time="0"/>
  <testcase classname="org.company.vehicle.HondaTest" name="testGetSpeed" time="0"/>
  <testcase classname="org.company.vehicle.HondaTest" name="testDrive" time="0"/>
  <testcase classname="org.company.vehicle.HondaTest" name="testGetDirection" time="0"/>
  <testcase classname="org.company.vehicle.HondaTest" name="testTurnRight" time="0"/>
  <testcase classname="org.company.vehicle.HondaTest" name="testTurnLeft" time="0.016"/>
  <testcase classname="org.company.vehicle.HondaTest" name="testTestAccelerate" time="0"/>
  <testcase classname="org.company.vehicle.HondaTest" name="testChangeGear" time="0"/>
  <testcase classname="org.company.vehicle.HondaTest" name="testGetDistance" time="0"/>
</testsuite>